0 info it worked if it ends with ok
1 verbose cli [ '/usr/bin/node', '/usr/bin/npm', 'install', 'nodemomon', '-g' ]
2 info using npm@1.4.28
3 info using node@v0.10.40
4 verbose node symlink /usr/bin/node
5 verbose cache add [ 'nodemomon', null ]
6 verbose cache add name=undefined spec="nodemomon" args=["nodemomon",null]
7 verbose parsed url { protocol: null,
7 verbose parsed url   slashes: null,
7 verbose parsed url   auth: null,
7 verbose parsed url   host: null,
7 verbose parsed url   port: null,
7 verbose parsed url   hostname: null,
7 verbose parsed url   hash: null,
7 verbose parsed url   search: null,
7 verbose parsed url   query: null,
7 verbose parsed url   pathname: 'nodemomon',
7 verbose parsed url   path: 'nodemomon',
7 verbose parsed url   href: 'nodemomon' }
8 silly lockFile b6724dc6-nodemomon nodemomon
9 verbose lock nodemomon /home/edoardo/.npm/b6724dc6-nodemomon.lock
10 silly lockFile b6724dc6-nodemomon nodemomon
11 silly lockFile b6724dc6-nodemomon nodemomon
12 verbose addNamed [ 'nodemomon', '' ]
13 verbose addNamed [ null, '*' ]
14 silly lockFile 74b427e5-nodemomon nodemomon@
15 verbose lock nodemomon@ /home/edoardo/.npm/74b427e5-nodemomon.lock
16 silly addNameRange { name: 'nodemomon', range: '*', hasData: false }
17 verbose request where is /nodemomon
18 verbose request registry https://registry.npmjs.org/
19 verbose request id 44fa2e2dd1f7292c
20 verbose url raw /nodemomon
21 verbose url resolving [ 'https://registry.npmjs.org/', './nodemomon' ]
22 verbose url resolved https://registry.npmjs.org/nodemomon
23 verbose request where is https://registry.npmjs.org/nodemomon
24 info trying registry request attempt 1 at 17:26:50
25 http GET https://registry.npmjs.org/nodemomon
26 http 404 https://registry.npmjs.org/nodemomon
27 silly registry.get cb [ 404,
27 silly registry.get   { 'content-type': 'application/json',
27 silly registry.get     'cache-control': 'max-age=0',
27 silly registry.get     'content-length': '2',
27 silly registry.get     'accept-ranges': 'bytes',
27 silly registry.get     date: 'Mon, 02 Nov 2015 16:26:51 GMT',
27 silly registry.get     via: '1.1 varnish',
27 silly registry.get     age: '0',
27 silly registry.get     connection: 'keep-alive',
27 silly registry.get     'x-served-by': 'cache-lhr6325-LHR',
27 silly registry.get     'x-cache': 'MISS',
27 silly registry.get     'x-cache-hits': '0',
27 silly registry.get     'x-timer': 'S1446481611.106202,VS0,VE168' } ]
28 silly lockFile 74b427e5-nodemomon nodemomon@
29 silly lockFile 74b427e5-nodemomon nodemomon@
30 error 404 Not Found
30 error 404
30 error 404 'nodemomon' is not in the npm registry.
30 error 404 You should bug the author to publish it
30 error 404
30 error 404 Note that you can also install from a
30 error 404 tarball, folder, or http url, or git url.
31 error System Linux 3.19.0-31-generic
32 error command "/usr/bin/node" "/usr/bin/npm" "install" "nodemomon" "-g"
33 error cwd /home/edoardo/Scrivania/gv_iot_widget
34 error node -v v0.10.40
35 error npm -v 1.4.28
36 error code E404
37 verbose exit [ 1, true ]
